0 info it worked if it ends with ok
1 verbose cli [ 'E:\\Program Files\\nodejs\\\\node.exe',
1 verbose cli   'E:\\Program Files\\nodejs\\node_modules\\npm\\bin\\npm-cli.js',
1 verbose cli   'install',
1 verbose cli   'lp_solve' ]
2 info using npm@2.14.7
3 info using node@v0.8.17
4 verbose install initial load of D:\POC\cbcModels\MRF-Model\package.json
5 verbose installManyTop reading scoped package data from D:\POC\cbcModels\MRF-Model\node_modules\debug\package.json
6 verbose installManyTop reading scoped package data from D:\POC\cbcModels\MRF-Model\node_modules\lp_solve\package.json
7 verbose readDependencies loading dependencies from D:\POC\cbcModels\MRF-Model\package.json
8 silly cache add args [ 'lp_solve', null ]
9 verbose cache add spec lp_solve
10 silly cache add parsed spec { raw: 'lp_solve',
10 silly cache add   scope: null,
10 silly cache add   name: 'lp_solve',
10 silly cache add   rawSpec: '',
10 silly cache add   spec: '*',
10 silly cache add   type: 'range' }
11 silly addNamed lp_solve@*
12 verbose addNamed "*" is a valid semver range for lp_solve
13 silly addNameRange { name: 'lp_solve', range: '*', hasData: false }
14 silly mapToRegistry name lp_solve
15 silly mapToRegistry using default registry
16 silly mapToRegistry registry https://registry.npmjs.org/
17 silly mapToRegistry uri https://registry.npmjs.org/lp_solve
18 verbose addNameRange registry:https://registry.npmjs.org/lp_solve not in flight; fetching
19 verbose request uri https://registry.npmjs.org/lp_solve
20 verbose request no auth needed
21 info attempt registry request try #1 at 10:53:28
22 verbose request using bearer token for auth
23 verbose request id f68b6981338b68a1
24 verbose etag "53AEFW9QV2OWPLBB4CR7KLEBN"
25 http request GET https://registry.npmjs.org/lp_solve
26 http 304 https://registry.npmjs.org/lp_solve
27 verbose headers { 'cache-control': 'max-age=300',
27 verbose headers   'accept-ranges': 'bytes',
27 verbose headers   date: 'Sun, 31 Jan 2016 10:53:26 GMT',
27 verbose headers   via: '1.1 varnish',
27 verbose headers   connection: 'keep-alive',
27 verbose headers   'x-served-by': 'cache-sin6924-SIN',
27 verbose headers   'x-cache': 'MISS',
27 verbose headers   'x-cache-hits': '0',
27 verbose headers   'x-timer': 'S1454237606.594833,VS0,VE229' }
28 silly get cb [ 304,
28 silly get   { 'cache-control': 'max-age=300',
28 silly get     'accept-ranges': 'bytes',
28 silly get     date: 'Sun, 31 Jan 2016 10:53:26 GMT',
28 silly get     via: '1.1 varnish',
28 silly get     connection: 'keep-alive',
28 silly get     'x-served-by': 'cache-sin6924-SIN',
28 silly get     'x-cache': 'MISS',
28 silly get     'x-cache-hits': '0',
28 silly get     'x-timer': 'S1454237606.594833,VS0,VE229' } ]
29 verbose etag https://registry.npmjs.org/lp_solve from cache
30 verbose get saving lp_solve to C:\Users\darsh\AppData\Roaming\npm-cache\registry.npmjs.org\lp_solve\.cache.json
31 silly addNameRange number 2 { name: 'lp_solve', range: '*', hasData: true }
32 silly addNameRange versions [ 'lp_solve',
32 silly addNameRange   [ '0.1.2',
32 silly addNameRange     '0.1.3',
32 silly addNameRange     '0.1.4',
32 silly addNameRange     '0.1.5',
32 silly addNameRange     '0.1.6',
32 silly addNameRange     '0.1.7',
32 silly addNameRange     '0.1.8',
32 silly addNameRange     '0.1.9',
32 silly addNameRange     '0.1.10',
32 silly addNameRange     '0.2.12' ] ]
33 silly addNamed lp_solve@0.2.12
34 verbose addNamed "0.2.12" is a plain semver version for lp_solve
35 silly cache afterAdd lp_solve@0.2.12
36 verbose afterAdd C:\Users\darsh\AppData\Roaming\npm-cache\lp_solve\0.2.12\package\package.json not in flight; writing
37 verbose afterAdd C:\Users\darsh\AppData\Roaming\npm-cache\lp_solve\0.2.12\package\package.json written
38 silly install resolved [ { name: 'lp_solve',
38 silly install resolved     description: 'A Node.js binding for lp_solve',
38 silly install resolved     version: '0.2.12',
38 silly install resolved     author: { name: 'Stephen Remde', email: 'smremde@gmail.com' },
38 silly install resolved     repository:
38 silly install resolved      { type: 'git',
38 silly install resolved        url: 'git://github.com/smremde/node-lp_solve.git' },
38 silly install resolved     keywords: [ 'lp_solve', 'linear programming', 'lpsolve' ],
38 silly install resolved     dependencies: { bindings: '~1.2.1', nan: '~2.0.9', tap: '~0.4.6' },
38 silly install resolved     scripts: { test: 'tap test/*-test.js', install: 'node-gyp rebuild' },
38 silly install resolved     license: 'LGPL',
38 silly install resolved     gypfile: true,
38 silly install resolved     main: 'index',
38 silly install resolved     gitHead: 'b4a132677ad6139836149a2f796bbfcc9c06b6c2',
38 silly install resolved     bugs: { url: 'https://github.com/smremde/node-lp_solve/issues' },
38 silly install resolved     homepage: 'https://github.com/smremde/node-lp_solve',
38 silly install resolved     _id: 'lp_solve@0.2.12',
38 silly install resolved     _shasum: '0e71d3b8a762f8bc4894a9d78783cd2b42a917e6',
38 silly install resolved     _from: 'lp_solve@*',
38 silly install resolved     _npmVersion: '2.7.4',
38 silly install resolved     _nodeVersion: '0.12.2',
38 silly install resolved     _npmUser: { name: 'smremde', email: 'smremde@gmail.com' },
38 silly install resolved     maintainers: [ [Object] ],
38 silly install resolved     dist:
38 silly install resolved      { shasum: '0e71d3b8a762f8bc4894a9d78783cd2b42a917e6',
38 silly install resolved        tarball: 'http://registry.npmjs.org/lp_solve/-/lp_solve-0.2.12.tgz' },
38 silly install resolved     directories: {},
38 silly install resolved     _resolved: 'https://registry.npmjs.org/lp_solve/-/lp_solve-0.2.12.tgz',
38 silly install resolved     readme: 'ERROR: No README data found!' } ]
39 info install lp_solve@0.2.12 into D:\POC\cbcModels\MRF-Model
40 info installOne lp_solve@0.2.12
41 verbose installOne of lp_solve to D:\POC\cbcModels\MRF-Model not in flight; installing
42 verbose lock using C:\Users\darsh\AppData\Roaming\npm-cache\_locks\lp-solve-cc1af5c91f4cf6b1.lock for D:\POC\cbcModels\MRF-Model\node_modules\lp_solve
43 silly install write writing lp_solve 0.2.12 to D:\POC\cbcModels\MRF-Model\node_modules\lp_solve
44 verbose unbuild node_modules\lp_solve
45 silly gentlyRm D:\POC\cbcModels\MRF-Model\node_modules\lp_solve is being purged from base D:\POC\cbcModels\MRF-Model
46 verbose gentlyRm don't care about contents; nuking D:\POC\cbcModels\MRF-Model\node_modules\lp_solve
47 silly vacuum-fs Error: EPERM, lstat 'D:\POC\cbcModels\MRF-Model\node_modules\lp_solve'
48 verbose unlock done using C:\Users\darsh\AppData\Roaming\npm-cache\_locks\lp-solve-cc1af5c91f4cf6b1.lock for D:\POC\cbcModels\MRF-Model\node_modules\lp_solve
49 verbose stack Error: EPERM, lstat 'D:\POC\cbcModels\MRF-Model\node_modules\lp_solve'
50 verbose cwd D:\POC\cbcModels\MRF-Model
51 error Windows_NT 6.2.9200
52 error argv "E:\\Program Files\\nodejs\\\\node.exe" "E:\\Program Files\\nodejs\\node_modules\\npm\\bin\\npm-cli.js" "install" "lp_solve"
53 error node v0.8.17
54 error npm  v2.14.7
55 error path D:\POC\cbcModels\MRF-Model\node_modules\lp_solve
56 error code EPERM
57 error errno 50
58 error Error: EPERM, lstat 'D:\POC\cbcModels\MRF-Model\node_modules\lp_solve'
58 error  { [Error: EPERM, lstat 'D:\POC\cbcModels\MRF-Model\node_modules\lp_solve']
58 error   errno: 50,
58 error   code: 'EPERM',
58 error   path: 'D:\\POC\\cbcModels\\MRF-Model\\node_modules\\lp_solve' }
59 error Please try running this command again as root/Administrator.
60 verbose exit [ 50, true ]
61 verbose unbuild node_modules\lp_solve
62 silly gentlyRm D:\POC\cbcModels\MRF-Model\node_modules\lp_solve is being purged from base D:\POC\cbcModels\MRF-Model
63 verbose gentlyRm don't care about contents; nuking D:\POC\cbcModels\MRF-Model\node_modules\lp_solve
64 silly vacuum-fs Error: EPERM, lstat 'D:\POC\cbcModels\MRF-Model\node_modules\lp_solve'
65 error error rolling back Error: EPERM, lstat 'D:\POC\cbcModels\MRF-Model\node_modules\lp_solve'
65 error error rolling back  { [Error: EPERM, lstat 'D:\POC\cbcModels\MRF-Model\node_modules\lp_solve']
65 error error rolling back   errno: 50,
65 error error rolling back   code: 'EPERM',
65 error error rolling back   path: 'D:\\POC\\cbcModels\\MRF-Model\\node_modules\\lp_solve' }
